<?xml version="1.0" encoding="UTF-8"?>
<!-- Generated by org.testng.reporters.JUnitReportReporter -->
<testsuite hostname="LAPTOP-NC0BN7UC" failures="0" tests="1" name="test.ProductSearchTest" time="4.130" errors="0" timestamp="2024-01-04T13:02:16 IST" skipped="0">
  <testcase classname="test.ProductSearchTest" name="verifyIfProdutsAreNotDisplayedOnInvalidSearch" time="4.130"/>
</testsuite> <!-- test.ProductSearchTest -->
