<?xml version="1.0" encoding="UTF-8"?>
<!-- Generated by org.testng.reporters.JUnitReportReporter -->
<testsuite hostname="LAPTOP-NC0BN7UC" failures="0" tests="2" name="test.CartAmountTest" time="8.516" errors="0" timestamp="2024-01-16T18:14:31 IST" skipped="1">
  <testcase classname="test.CartAmountTest" name="AddTwoProductsIntoCartAndVerifyIfSumOfUnitPriceAndShippingPriceIsEqualToOrderAmountAndAlsoVerifyIfSumOfOrderAmountIsEqualToCartAmount" time="8.516"/>
  <testcase classname="test.CartAmountTest" name="addSingleProductToCartAndVerifIfSumOfUnitPriceShippingPriceIsEqualToOrderAmount">
    <skipped/>
  </testcase> <!-- addSingleProductToCartAndVerifIfSumOfUnitPriceShippingPriceIsEqualToOrderAmount -->
</testsuite> <!-- test.CartAmountTest -->
