<?xml version="1.0" encoding="UTF-8"?>
<!-- Generated by org.testng.reporters.JUnitReportReporter -->
<testsuite hostname="LAPTOP-NC0BN7UC" failures="0" tests="1" name="test.RemoveProductTest" time="5.627" errors="0" timestamp="2024-01-07T12:15:21 IST" skipped="0">
  <testcase classname="test.RemoveProductTest" name="verifyIfUserIsAbleToRemoveProductFromCart" time="5.627"/>
</testsuite> <!-- test.RemoveProductTest -->
