<?xml version="1.0" encoding="UTF-8"?>
<!-- Generated by org.testng.reporters.JUnitReportReporter -->
<testsuite hostname="LAPTOP-NC0BN7UC" failures="0" tests="1" name="test.AddToCartFromProdutDescriptionTest" time="5.280" errors="0" timestamp="2024-01-07T11:45:17 IST" skipped="0">
  <testcase classname="test.AddToCartFromProdutDescriptionTest" name="verifyIfUserIsAbleToAddProductToCartUsingDescription" time="5.280"/>
</testsuite> <!-- test.AddToCartFromProdutDescriptionTest -->
