<?xml version="1.0" encoding="UTF-8"?>
<!-- Generated by org.testng.reporters.JUnitReportReporter -->
<testsuite hostname="LAPTOP-NC0BN7UC" failures="0" tests="1" name="test.NaptolHomePageTest" time="3.747" errors="0" timestamp="2024-01-03T14:14:49 IST" skipped="0">
  <testcase classname="test.NaptolHomePageTest" name="verifyIfUserIsAbleToSearchTheProduct" time="3.747"/>
</testsuite> <!-- test.NaptolHomePageTest -->
