<?xml version="1.0" encoding="UTF-8"?>
<!-- Generated by org.testng.reporters.JUnitReportReporter -->
<testsuite hostname="LAPTOP-NC0BN7UC" failures="0" tests="1" name="test.NaptolHomePageTest" time="7.748" errors="0" timestamp="2024-01-07T12:28:06 IST" skipped="0">
  <testcase classname="test.NaptolHomePageTest" name="verifyIfUserIsAbleToClickOnShoppingCategories" time="7.748"/>
</testsuite> <!-- test.NaptolHomePageTest -->
