<?xml version="1.0" encoding="UTF-8"?>
<!-- Generated by org.testng.reporters.JUnitReportReporter -->
<testsuite hostname="LAPTOP-NC0BN7UC" failures="0" tests="2" name="test.AddToCartPageTest" time="9.449" errors="0" timestamp="2024-01-13T12:33:44 IST" skipped="1">
  <testcase classname="test.AddToCartPageTest" name="verifyIfUserIsAbleToAddProductUsingQuickViewOption" time="9.449"/>
  <testcase classname="test.AddToCartPageTest" name="VerifyIfUserIsAbleToAddMultipleProductsToCart">
    <skipped/>
  </testcase> <!-- VerifyIfUserIsAbleToAddMultipleProductsToCart -->
</testsuite> <!-- test.AddToCartPageTest -->
