<?xml version="1.0" encoding="UTF-8"?>
<!-- Generated by org.testng.reporters.JUnitReportReporter -->
<testsuite hostname="LAPTOP-NC0BN7UC" failures="0" tests="1" name="test.AddToCartPage" time="8.548" errors="0" timestamp="2024-01-04T17:03:44 IST" skipped="0">
  <testcase classname="test.AddToCartPage" name="verifyIfUserIsAbleToAddProductUsingQuickViewOption" time="8.548"/>
</testsuite> <!-- test.AddToCartPage -->
