<?xml version="1.0" encoding="UTF-8"?>
<!-- Generated by org.testng.reporters.JUnitReportReporter -->
<testsuite hostname="LAPTOP-NC0BN7UC" failures="0" tests="2" name="test.AddToCartPageTest" time="5.535" errors="0" timestamp="2024-01-13T16:49:06 IST" skipped="1">
  <testcase classname="test.AddToCartPageTest" name="verifyIfUserIsAbleToAddProductUsingQuickViewOption" time="5.535"/>
  <testcase classname="test.AddToCartPageTest" name="VerifyIfUserIsAbleToAddMultipleProductsToCart">
    <skipped/>
  </testcase> <!-- VerifyIfUserIsAbleToAddMultipleProductsToCart -->
</testsuite> <!-- test.AddToCartPageTest -->
